<?xml version="1.0" encoding="UTF-8"?>
<!-- Generated by org.testng.reporters.JUnitXMLReporter -->
<testsuite ignored="0" hostname="DESKTOP-O84KNVA" failures="2" tests="44" name="Test" time="547.743" errors="0" timestamp="2025-07-21T11:29:42 GMT+06:00">
  <testcase classname="TestCasesForDashboard.TestCaseForDashboardPage" name="verifyNavigateToDashboardPage" time="0.025"/>
  <testcase classname="TestCasesForDashboard.TestCaseForDashboardPage" name="verifyNavigateToCategories" time="0.167"/>
  <testcase classname="TestCasesForDashboard.TestCaseForDashboardPage" name="verifyNavigateToExploreCoursePage" time="0.15"/>
  <testcase classname="TestCasesForDashboard.TestCaseForDashboardPage" name="verifyNavigateToShopNowPage" time="1.358"/>
  <testcase classname="TestCasesForDashboard.TestCaseForDashboardPage" name="verifyNavigateToContactUsPage" time="0.122"/>
  <testcase classname="TestCasesForDashboard.TestCaseForDashboardPage" name="verifyNavigateToExploreCoursePageAgain" time="3.749"/>
  <testcase classname="TestCasesForDashboard.TestCaseForDashboardPage" name="verifyNavigateToCareerAndPlacementPage" time="1.933"/>
  <testcase classname="TestCasesForDashboard.TestCaseForDashboardPage" name="verifyNavigateToEventPage" time="5.332"/>
  <testcase classname="TestCasesForDashboard.TestCaseForDashboardPage" name="verifyNavigateToBlogs" time="2.886"/>
  <testcase classname="TestCasesForDashboard.TestCaseForDashboardPage" name="verifyNavigateToResourceLibrary" time="1.823"/>
  <testcase classname="TestCasesForDashboard.TestCaseForDashboardPage" name="verifyNavigateToSuccessStoriesPage" time="5.394"/>
  <testcase classname="TestCasesForDashboard.TestCaseForDashboardPage" name="verifyNavigateToChallengesPage" time="1.484"/>
  <testcase classname="TestCasesForDashboard.TestCaseForDashboardPage" name="verifyNavigateToLatestNews" time="8.368">
    <failure type="java.lang.AssertionError" message="Latest News heading mismatch expected [Latest News] but found [Something went wrong. Please reload]">
      <![CDATA[java.lang.AssertionError: Latest News heading mismatch expected [Latest News] but found [Something went wrong. Please reload]
at TestCasesForDashboard.TestCaseForDashboardPage.verifyNavigateToLatestNews(TestCaseForDashboardPage.java:133)
at java.base/java.util.ArrayList.forEach(ArrayList.java:1511)
... Removed 32 stack frames]]>
    </failure>
  </testcase> <!-- verifyNavigateToLatestNews -->
  <testcase classname="TestCasesForDashboard.TestCaseForDashboardPage" name="verifyLoginFunctionality" time="1.249"/>
  <testcase classname="TestCaseForCommonPage.TestCaseForSignUpPage" name="verifyAllFormFieldsFillUp" time="4.866"/>
  <testcase classname="TestCaseForCommonPage.TestCaseForSignUpPage" name="verifyNavigateBackToLoginPage" time="3.158"/>
  <testcase classname="TestCaseForCommonPage.TestCaseForLoginPage" name="verifyNavigateToSignUpPage" time="2.006"/>
  <testcase classname="TestCaseForCommonPage.TestCaseForLoginPage" name="verifySellerLoginWithValidCredential" time="2.721"/>
  <testcase classname="TestCaseForCommonPage.TestCaseForLoginPage" name="verifySellerLoginWithInvalidCredential" time="4.986"/>
  <testcase classname="TestCaseForCommonPage.TestCaseForLoginPage" name="verifyCustomerLoginWithValidCredential" time="2.851"/>
  <testcase classname="TestCaseForCommonPage.TestCaseForLoginPage" name="verifyAdminLoginWithValidCredential" time="2.146"/>
  <testcase classname="TestCaseForSellerPage.TestCaseForSellerHomePage" name="verifyNavigateToCategories" time="7.332"/>
  <testcase classname="TestCaseForSellerPage.TestCaseForSellerHomePage" name="verifyNavigateToExploreCoursePage" time="6.404"/>
  <testcase classname="TestCaseForSellerPage.TestCaseForSellerHomePage" name="verifyNavigateToContactPage" time="5.591"/>
  <testcase classname="TestCaseForSellerPage.TestCaseForSellerHomePage" name="verifyNavigateToProfileIcon" time="5.783"/>
  <testcase classname="TestCaseForSellerPage.TestCaseForSellerHomePage" name="verifyNavigateToShopNowPage" time="7.008"/>
  <testcase classname="TestCaseForSellerPage.TestCaseForShopNowPage" name="shouldNavigateToNewProductSeeAllSection" time="10.383"/>
  <testcase classname="TestCaseForSellerPage.TestCaseForShopNowPage" name="shouldNavigateToPopularProductSeeAllSection" time="9.884"/>
  <testcase classname="TestCaseForSellerPage.TestCaseForShopNowPage" name="shouldNavigateToexploreByCategoriesSeeAllSection" time="7.538"/>
  <testcase classname="TestCaseForSellerPage.TestCaseForShopNowPage" name="shouldNavigateToshopNowCategoriesSeeAllSection" time="16.858"/>
  <testcase classname="TestCaseForSellerPage.TestCaseForShopNowPage" name="shouldNavigateToshopNowallProducstSection" time="8.609"/>
  <testcase classname="TestCaseForSellerPage.TestCaseForShopNowPage" name="shouldNavigateTonextPageallProducstSection" time="9.347"/>
  <testcase classname="TestCaseForSellerPage.TestCaseForShopNowPage" name="shouldNavigateTosearchOptionSection" time="9.889"/>
  <testcase classname="TestCaseForSellerPage.TestCaseForProfileIconPage" name="shouldNavigateToprofileIconSection" time="9.663"/>
  <testcase classname="TestCaseForSellerPage.TestCaseForProfileIconPage" name="shouldNavigateToorderListNextPageSection" time="10.85"/>
  <testcase classname="TestCaseForSellerPage.TestCaseForProfileIconPage" name="testSelectAllEntriesOption" time="11.45"/>
  <testcase classname="TestCaseForSellerPage.TestCaseForProfileIconPage" name="testGoToPage2" time="10.384"/>
  <testcase classname="TestCaseForSellerPage.TestCaseForProfileIconPage" name="shouldNavigateTosearchSection" time="10.587"/>
  <testcase classname="TestCaseForSellerPage.TestCaseForProfileIconPage" name="shouldNavigateToeditProfileAndUpdatePage" time="10.34"/>
  <testcase classname="TestCaseForSellerPage.TestCaseForProfileIconPage" name="shouldNavigateToUpdatePasswordPage" time="10.216"/>
  <testcase classname="TestCaseForSellerPage.TestCaseForProfileIconPage" name="shouldNavigateToChatPage" time="10.918"/>
  <testcase classname="TestCaseForSellerPage.TestCaseForProfileIconPage" name="shouldFailIfImageFieldMissing" time="15.228">
    <failure type="java.lang.AssertionError" message="&amp;apos;Image&amp;apos; field is missing or not visible. expected [true] but found [false]">
      <![CDATA[java.lang.AssertionError: 'Image' field is missing or not visible. expected [true] but found [false]
at TestCaseForSellerPage.TestCaseForProfileIconPage.shouldFailIfImageFieldMissing(TestCaseForProfileIconPage.java:163)
at java.base/java.util.ArrayList.forEach(ArrayList.java:1511)
... Removed 30 stack frames]]>
    </failure>
  </testcase> <!-- shouldFailIfImageFieldMissing -->
  <testcase classname="TestCaseForSellerPage.TestCaseForProfileIconPage" name="shouldNavigateToViewOrderListAndSearchSection" time="10.115"/>
  <testcase classname="TestCaseForSellerPage.TestCaseForProfileIconPage" name="shouldEditAndUpdateProductName" time="19.127"/>
</testsuite> <!-- Test -->
