<?xml version="1.0" encoding="UTF-8"?>
<!-- Generated by org.testng.reporters.JUnitReportReporter -->
<testsuite hostname="DESKTOP-O84KNVA" failures="1" tests="14" name="TestCasesForDashboard.TestCaseForDashboardPage" time="94.417" errors="0" timestamp="2025-07-21T11:29:43 GMT+06:00" skipped="0">
  <testcase classname="TestCasesForDashboard.TestCaseForDashboardPage" name="verifyNavigateToDashboardPage" time="4.732"/>
  <system-out/>
  <testcase classname="TestCasesForDashboard.TestCaseForDashboardPage" name="verifyNavigateToCategories" time="6.864"/>
  <system-out/>
  <testcase classname="TestCasesForDashboard.TestCaseForDashboardPage" name="verifyNavigateToExploreCoursePage" time="4.771"/>
  <system-out/>
  <testcase classname="TestCasesForDashboard.TestCaseForDashboardPage" name="verifyNavigateToShopNowPage" time="2.699"/>
  <system-out/>
  <testcase classname="TestCasesForDashboard.TestCaseForDashboardPage" name="verifyNavigateToContactUsPage" time="5.868"/>
  <system-out/>
  <testcase classname="TestCasesForDashboard.TestCaseForDashboardPage" name="verifyNavigateToExploreCoursePageAgain" time="4.846"/>
  <system-out/>
  <testcase classname="TestCasesForDashboard.TestCaseForDashboardPage" name="verifyNavigateToCareerAndPlacementPage" time="3.151"/>
  <system-out/>
  <testcase classname="TestCasesForDashboard.TestCaseForDashboardPage" name="verifyNavigateToEventPage" time="10.360"/>
  <system-out/>
  <testcase classname="TestCasesForDashboard.TestCaseForDashboardPage" name="verifyNavigateToBlogs" time="7.658"/>
  <system-out/>
  <testcase classname="TestCasesForDashboard.TestCaseForDashboardPage" name="verifyNavigateToResourceLibrary" time="6.433"/>
  <system-out/>
  <testcase classname="TestCasesForDashboard.TestCaseForDashboardPage" name="verifyNavigateToSuccessStoriesPage" time="9.862"/>
  <system-out/>
  <testcase classname="TestCasesForDashboard.TestCaseForDashboardPage" name="verifyNavigateToChallengesPage" time="6.346"/>
  <system-out/>
  <testcase classname="TestCasesForDashboard.TestCaseForDashboardPage" name="verifyNavigateToLatestNews" time="14.472">
    <failure message="Latest News heading mismatch expected [Latest News] but found [Something went wrong. Please reload]" type="java.lang.AssertionError">
      <![CDATA[java.lang.AssertionError: Latest News heading mismatch expected [Latest News] but found [Something went wrong. Please reload]
at org.testng.Assert.fail(Assert.java:110)
at org.testng.Assert.failNotEquals(Assert.java:1577)
at org.testng.Assert.assertEqualsImpl(Assert.java:149)
at org.testng.Assert.assertEquals(Assert.java:131)
at org.testng.Assert.assertEquals(Assert.java:655)
at TestCasesForDashboard.TestCaseForDashboardPage.verifyNavigateToLatestNews(TestCaseForDashboardPage.java:133)
at java.base/jdk.internal.reflect.NativeMethodAccessorImpl.invoke0(Native Method)
at java.base/jdk.internal.reflect.NativeMethodAccessorImpl.invoke(NativeMethodAccessorImpl.java:77)
at java.base/jdk.internal.reflect.DelegatingMethodAccessorImpl.invoke(DelegatingMethodAccessorImpl.java:43)
at java.base/java.lang.reflect.Method.invoke(Method.java:568)
at org.testng.internal.invokers.MethodInvocationHelper.invokeMethod(MethodInvocationHelper.java:139)
at org.testng.internal.invokers.TestInvoker.invokeMethod(TestInvoker.java:677)
at org.testng.internal.invokers.TestInvoker.invokeTestMethod(TestInvoker.java:221)
at org.testng.internal.invokers.MethodRunner.runInSequence(MethodRunner.java:50)
at org.testng.internal.invokers.TestInvoker$MethodInvocationAgent.invoke(TestInvoker.java:969)
at org.testng.internal.invokers.TestInvoker.invokeTestMethods(TestInvoker.java:194)
at org.testng.internal.invokers.TestMethodWorker.invokeTestMethods(TestMethodWorker.java:148)
at org.testng.internal.invokers.TestMethodWorker.run(TestMethodWorker.java:128)
at java.base/java.util.ArrayList.forEach(ArrayList.java:1511)
at org.testng.TestRunner.privateRun(TestRunner.java:829)
at org.testng.TestRunner.run(TestRunner.java:602)
at org.testng.SuiteRunner.runTest(SuiteRunner.java:437)
at org.testng.SuiteRunner.runSequentially(SuiteRunner.java:431)
at org.testng.SuiteRunner.privateRun(SuiteRunner.java:391)
at org.testng.SuiteRunner.run(SuiteRunner.java:330)
at org.testng.SuiteRunnerWorker.runSuite(SuiteRunnerWorker.java:52)
at org.testng.SuiteRunnerWorker.run(SuiteRunnerWorker.java:95)
at org.testng.TestNG.runSuitesSequentially(TestNG.java:1256)
at org.testng.TestNG.runSuitesLocally(TestNG.java:1176)
at org.testng.TestNG.runSuites(TestNG.java:1099)
at org.testng.TestNG.run(TestNG.java:1067)
at org.testng.remote.AbstractRemoteTestNG.run(AbstractRemoteTestNG.java:115)
at org.testng.remote.RemoteTestNG.initAndRun(RemoteTestNG.java:251)
at org.testng.remote.RemoteTestNG.main(RemoteTestNG.java:77)
]]>
    </failure>
  </testcase> <!-- verifyNavigateToLatestNews -->
  <system-out/>
  <testcase classname="TestCasesForDashboard.TestCaseForDashboardPage" name="verifyLoginFunctionality" time="6.355"/>
  <system-out/>
</testsuite> <!-- TestCasesForDashboard.TestCaseForDashboardPage -->
