<?xml version="1.0" encoding="UTF-8"?>
<!-- Generated by org.testng.reporters.JUnitReportReporter -->
<testsuite hostname="DESKTOP-O84KNVA" failures="1" tests="13" name="TestCaseForSellerPage.TestCaseForProfileIconPage" time="238.146" errors="0" timestamp="2025-07-23T16:22:39 GMT+06:00" skipped="0">
  <testcase classname="TestCaseForSellerPage.TestCaseForProfileIconPage" name="shouldNavigateToprofileIconSection" time="15.186"/>
  <system-out/>
  <testcase classname="TestCaseForSellerPage.TestCaseForProfileIconPage" name="shouldNavigateToorderListNextPageSection" time="15.567"/>
  <system-out/>
  <testcase classname="TestCaseForSellerPage.TestCaseForProfileIconPage" name="testSelectAllEntriesOption" time="17.103"/>
  <system-out/>
  <testcase classname="TestCaseForSellerPage.TestCaseForProfileIconPage" name="testGoToPage2" time="15.429"/>
  <system-out/>
  <testcase classname="TestCaseForSellerPage.TestCaseForProfileIconPage" name="shouldNavigateTosearchSection" time="15.078"/>
  <system-out/>
  <testcase classname="TestCaseForSellerPage.TestCaseForProfileIconPage" name="shouldNavigateToeditProfileAndUpdatePage" time="15.672"/>
  <system-out/>
  <testcase classname="TestCaseForSellerPage.TestCaseForProfileIconPage" name="shouldNavigateToUpdatePasswordPage" time="16.185"/>
  <system-out/>
  <testcase classname="TestCaseForSellerPage.TestCaseForProfileIconPage" name="shouldNavigateToChatPage" time="21.912"/>
  <system-out/>
  <testcase classname="TestCaseForSellerPage.TestCaseForProfileIconPage" name="shouldFailIfImageFieldNameMissing" time="22.161">
    <failure message="&#039;Image&#039; field is missing or not visible. expected [true] but found [false]" type="java.lang.AssertionError">
      <![CDATA[java.lang.AssertionError: 'Image' field is missing or not visible. expected [true] but found [false]
at org.testng.Assert.fail(Assert.java:110)
at org.testng.Assert.failNotEquals(Assert.java:1577)
at org.testng.Assert.assertTrue(Assert.java:56)
at TestCaseForSellerPage.TestCaseForProfileIconPage.shouldFailIfImageFieldNameMissing(TestCaseForProfileIconPage.java:165)
at java.base/jdk.internal.reflect.NativeMethodAccessorImpl.invoke0(Native Method)
at java.base/jdk.internal.reflect.NativeMethodAccessorImpl.invoke(NativeMethodAccessorImpl.java:77)
at java.base/jdk.internal.reflect.DelegatingMethodAccessorImpl.invoke(DelegatingMethodAccessorImpl.java:43)
at java.base/java.lang.reflect.Method.invoke(Method.java:568)
at org.testng.internal.invokers.MethodInvocationHelper.invokeMethod(MethodInvocationHelper.java:139)
at org.testng.internal.invokers.TestInvoker.invokeMethod(TestInvoker.java:677)
at org.testng.internal.invokers.TestInvoker.invokeTestMethod(TestInvoker.java:221)
at org.testng.internal.invokers.MethodRunner.runInSequence(MethodRunner.java:50)
at org.testng.internal.invokers.TestInvoker$MethodInvocationAgent.invoke(TestInvoker.java:969)
at org.testng.internal.invokers.TestInvoker.invokeTestMethods(TestInvoker.java:194)
at org.testng.internal.invokers.TestMethodWorker.invokeTestMethods(TestMethodWorker.java:148)
at org.testng.internal.invokers.TestMethodWorker.run(TestMethodWorker.java:128)
at java.base/java.util.ArrayList.forEach(ArrayList.java:1511)
at org.testng.TestRunner.privateRun(TestRunner.java:829)
at org.testng.TestRunner.run(TestRunner.java:602)
at org.testng.SuiteRunner.runTest(SuiteRunner.java:437)
at org.testng.SuiteRunner.runSequentially(SuiteRunner.java:431)
at org.testng.SuiteRunner.privateRun(SuiteRunner.java:391)
at org.testng.SuiteRunner.run(SuiteRunner.java:330)
at org.testng.SuiteRunnerWorker.runSuite(SuiteRunnerWorker.java:52)
at org.testng.SuiteRunnerWorker.run(SuiteRunnerWorker.java:95)
at org.testng.TestNG.runSuitesSequentially(TestNG.java:1256)
at org.testng.TestNG.runSuitesLocally(TestNG.java:1176)
at org.testng.TestNG.runSuites(TestNG.java:1099)
at org.testng.TestNG.run(TestNG.java:1067)
at org.testng.remote.AbstractRemoteTestNG.run(AbstractRemoteTestNG.java:115)
at org.testng.remote.RemoteTestNG.initAndRun(RemoteTestNG.java:251)
at org.testng.remote.RemoteTestNG.main(RemoteTestNG.java:77)
]]>
    </failure>
  </testcase> <!-- shouldFailIfImageFieldNameMissing -->
  <system-out/>
  <testcase classname="TestCaseForSellerPage.TestCaseForProfileIconPage" name="shouldNavigateToViewOrderListAndSearchSection" time="15.138"/>
  <system-out/>
  <testcase classname="TestCaseForSellerPage.TestCaseForProfileIconPage" name="shouldEditAndUpdateProductName" time="27.356"/>
  <system-out/>
  <testcase classname="TestCaseForSellerPage.TestCaseForProfileIconPage" name="shouldVerifyAddNewProductsFormFillup" time="17.908"/>
  <system-out/>
  <testcase classname="TestCaseForSellerPage.TestCaseForProfileIconPage" name="shouldNavigateToaddProductwithoutdataSection" time="23.451"/>
  <system-out/>
</testsuite> <!-- TestCaseForSellerPage.TestCaseForProfileIconPage -->
